<?xml version='1.0' encoding='UTF-8'?>
<testsuite hostname="DESKTOP-CL74MMU" name="chatapp.auth.PasswordHasherTest" tests="2" errors="0" failures="0" skipped="0" time="1.267" timestamp="2023-08-20T14:36:34">
          <properties>
      <property name="java.specification.version" value="19"/><property name="sun.cpu.isalist" value="amd64"/><property name="sun.jnu.encoding" value="Cp1252"/><property name="sun.arch.data.model" value="64"/><property name="sbt.supershell" value="false"/><property name="java.vendor.url" value="https://java.oracle.com/"/><property name="sun.boot.library.path" value="C:\Program Files\Java\jdk-19\bin"/><property name="sun.java.command" value="C:\Users\Administrator\AppData\Roaming\JetBrains\IntelliJIdea2022.3\plugins\Scala\launcher\sbt-launch.jar early(addPluginSbtFile=&quot;&quot;&quot;C:\Users\Administrator\AppData\Local\Temp\idea.sbt&quot;&quot;&quot;) ; set ideaPort in Global := 63346 ; idea-shell"/><property name="jdk.debug" value="release"/><property name="sun.stderr.encoding" value="windows-1252"/><property name="java.specification.vendor" value="Oracle Corporation"/><property name="java.version.date" value="2023-01-17"/><property name="java.home" value="C:\Program Files\Java\jdk-19"/><property name="file.separator" value="\"/><property name="java.vm.compressedOopsMode" value="32-bit"/><property name="sun.stdout.encoding" value="windows-1252"/><property name="line.separator" value="
"/><property name="java.vm.specification.vendor" value="Oracle Corporation"/><property name="java.specification.name" value="Java Platform API Specification"/><property name="idea.installation.dir" value="C:\Program Files\JetBrains\IntelliJ IDEA 2022.3.1"/><property name="user.script" value=""/><property name="sun.management.compiler" value="HotSpot 64-Bit Tiered Compilers"/><property name="java.runtime.version" value="19.0.2+7-44"/><property name="user.name" value="Administrator"/><property name="log4j.ignoreTCL" value="true"/><property name="file.encoding" value="UTF-8"/><property name="jnidispatch.path" value="C:\Users\ADMINI~1\AppData\Local\Temp\jna-146731693\jna9284157327369392875.dll"/><property name="jna.loaded" value="true"/><property name="java.io.tmpdir" value="C:\Users\ADMINI~1\AppData\Local\Temp\"/><property name="java.version" value="19.0.2"/><property name="java.vm.specification.name" value="Java Virtual Machine Specification"/><property name="sun.os.patch.level" value=""/><property name="native.encoding" value="Cp1252"/><property name="java.library.path" value="C:\Program Files\Java\jdk-19\bin;C:\Windows\Sun\Java\bin;C:\Windows\system32;C:\Windows;C:\Windows\system32;C:\Windows;C:\Windows\System32\Wbem;C:\Windows\System32\WindowsPowerShell\v1.0\;C:\Windows\System32\OpenSSH\;c:\Program Files (x86)\Intel\Intel(R) Management Engine Components\DAL;c:\Program Files\Intel\Intel(R) Management Engine Components\DAL;C:\Program Files\Git\cmd;C:\Program Files\Maven\apache-maven-4.0.0-alpha-3\bin;C:\Program Files\Java\jdk-19\bin;C:\Program Files\Java\scripts;C:\Program Files\Docker\Docker\resources\bin;C:\Users\Administrator\AppData\Local\Microsoft\WindowsApps\PythonSoftwareFoundation.Python.3.10_qbz5n2kfra8p0\python;C:\Program Files\MySQL\MySQL Server 8.0\bin;C:\Users\Administrator\AppData\Local\Microsoft\WindowsApps;C:\Program Files\JetBrains\IntelliJ IDEA 2022.3.1\bin;;C:\Program Files\JetBrains\CLion 2022.3.1\bin;;C:\Program Files\Java\jdk-19\bin;;."/><property name="stderr.encoding" value="windows-1252"/><property name="java.vendor" value="Oracle Corporation"/><property name="sun.io.unicode.encoding" value="UnicodeLittle"/><property name="java.class.path" value="C:\Users\Administrator\AppData\Roaming\JetBrains\IntelliJIdea2022.3\plugins\Scala\launcher\sbt-launch.jar"/><property name="java.vm.vendor" value="Oracle Corporation"/><property name="user.variant" value=""/><property name="jline.shutdownhook" value="false"/><property name="user.timezone" value="Europe/Budapest"/><property name="java.vm.specification.version" value="19"/><property name="os.name" value="Windows 10"/><property name="sun.java.launcher" value="SUN_STANDARD"/><property name="user.country" value="US"/><property name="sun.cpu.endian" value="little"/><property name="user.home" value="C:\Users\Administrator"/><property name="user.language" value="en"/><property name="sbt.ipcsocket.tmpdir" value="C:\Users\ADMINI~1\AppData\Local\Temp\.sbtf464157c\ipcsocket"/><property name="swoval.tmpdir" value="C:\Users\ADMINI~1\AppData\Local\Temp\.sbtf464157c\swoval"/><property name="jline.esc.timeout" value="0"/><property name="stdout.encoding" value="windows-1252"/><property name="path.separator" value=";"/><property name="os.version" value="10.0"/><property name="jna.nosys" value="true"/><property name="java.runtime.name" value="Java(TM) SE Runtime Environment"/><property name="sbt.log.noformat" value="true"/><property name="java.vm.name" value="Java HotSpot(TM) 64-Bit Server VM"/><property name="java.vendor.url.bug" value="https://bugreport.java.com/bugreport/"/><property name="user.dir" value="C:\Users\Administrator\Documents\scala-akka"/><property name="os.arch" value="amd64"/><property name="idea.managed" value="true"/><property name="java.vm.info" value="mixed mode, sharing"/><property name="java.vm.version" value="19.0.2+7-44"/><property name="java.class.version" value="63.0"/>
    </properties>
          <testcase classname="chatapp.auth.PasswordHasherTest" name="PasswordHasher should hash and check passwords correctly" time="0.622">
                      
                    </testcase><testcase classname="chatapp.auth.PasswordHasherTest" name="PasswordHasher should return false for incorrect password check" time="0.645">
                      
                    </testcase>
          <system-out><![CDATA[]]></system-out>
          <system-err><![CDATA[]]></system-err>
        </testsuite>