<?xml version='1.0' encoding='UTF-8'?>
<testsuite hostname="DESKTOP-T6F42OP" name="chatapp.UserManagerTest" tests="4" errors="0" failures="0" skipped="0" time="0.833" timestamp="2023-08-17T09:47:43">
          <properties>
      <property name="java.specification.version" value="19"/><property name="sun.cpu.isalist" value="amd64"/><property name="sun.jnu.encoding" value="Cp1252"/><property name="sun.arch.data.model" value="64"/><property name="sbt.supershell" value="false"/><property name="java.vendor.url" value="https://java.oracle.com/"/><property name="sun.boot.library.path" value="C:\Program Files\Java\jdk-19\bin"/><property name="sun.java.command" value="C:\Users\Tom\AppData\Roaming\JetBrains\IntelliJIdea2021.3\plugins\Scala\launcher\sbt-launch.jar early(addPluginSbtFile=&quot;&quot;&quot;C:\Users\Tom\AppData\Local\Temp\idea2.sbt&quot;&quot;&quot;) ; set ideaPort in Global := 61784 ; idea-shell"/><property name="jdk.debug" value="release"/><property name="java.specification.vendor" value="Oracle Corporation"/><property name="java.version.date" value="2023-01-17"/><property name="java.home" value="C:\Program Files\Java\jdk-19"/><property name="file.separator" value="\"/><property name="java.vm.compressedOopsMode" value="32-bit"/><property name="line.separator" value="
"/><property name="java.vm.specification.vendor" value="Oracle Corporation"/><property name="java.specification.name" value="Java Platform API Specification"/><property name="idea.installation.dir" value="C:\Program Files\JetBrains\IntelliJ IDEA 2021.3.2"/><property name="user.script" value=""/><property name="sun.management.compiler" value="HotSpot 64-Bit Tiered Compilers"/><property name="java.runtime.version" value="19.0.2+7-44"/><property name="user.name" value="Tom"/><property name="log4j.ignoreTCL" value="true"/><property name="file.encoding" value="UTF-8"/><property name="jnidispatch.path" value="C:\Users\Tom\AppData\Local\Temp\jna-84274\jna5367855065276961064.dll"/><property name="jna.loaded" value="true"/><property name="java.io.tmpdir" value="C:\Users\Tom\AppData\Local\Temp\"/><property name="java.version" value="19.0.2"/><property name="java.vm.specification.name" value="Java Virtual Machine Specification"/><property name="sun.os.patch.level" value=""/><property name="native.encoding" value="Cp1252"/><property name="java.library.path" value="C:\Program Files\Java\jdk-19\bin;C:\Windows\Sun\Java\bin;C:\Windows\system32;C:\Windows;C:\Program Files (x86)\VMware\VMware Player\bin\;C:\Windows\system32;C:\Windows;C:\Windows\System32\Wbem;C:\Windows\System32\WindowsPowerShell\v1.0\;C:\Windows\System32\OpenSSH\;C:\Program Files (x86)\QuickTime\QTSystem\;C:\Program Files\Git\cmd;C:\Program Files (x86)\sbt\bin;C:\Program Files\Java\apache-maven-3.8.4\bin;C:\Program Files\PuTTY\;C:\Program Files\Docker\Docker\resources\bin;C:\ProgramData\DockerDesktop\version-bin;C:\minikube;C:\Program Files\MATLAB\R2022b\bin;C:\Program Files\Java\jdk-19\bin;C:\Program Files\Java\scripts;C:\Users\Tom\AppData\Local\Microsoft\WindowsApps\PythonSoftwareFoundation.Python.3.10_qbz5n2kfra8p0\python;C:\Program Files\nodejs\;C:\Program Files\Microsoft SQL Server\150\Tools\Binn\;C:\Program Files\Microsoft SQL Server\Client SDK\ODBC\170\Tools\Binn\;C:\Program Files\dotnet\;C:\Program Files\MySQL\MySQL Server 8.0\bin;C:\Program Files\MySQL\MySQL Shell 8.0\bin\;C:\Users\Tom\AppData\Local\Microsoft\WindowsApps;C:\Users\Tom\AppData\Local\GitHubDesktop\bin;C:\Users\Tom\null\Coursier\data\bin;C:\Program Files\PostgreSQL\15\bin;C:\Users\Tom\AppData\Roaming\npm;C:\Users\Tom\.dotnet\tools;."/><property name="stderr.encoding" value="cp850"/><property name="java.vendor" value="Oracle Corporation"/><property name="sun.io.unicode.encoding" value="UnicodeLittle"/><property name="java.class.path" value="C:\Users\Tom\AppData\Roaming\JetBrains\IntelliJIdea2021.3\plugins\Scala\launcher\sbt-launch.jar"/><property name="java.vm.vendor" value="Oracle Corporation"/><property name="user.variant" value=""/><property name="jline.shutdownhook" value="false"/><property name="user.timezone" value="Europe/Dublin"/><property name="java.vm.specification.version" value="19"/><property name="os.name" value="Windows 10"/><property name="sun.java.launcher" value="SUN_STANDARD"/><property name="user.country" value="GB"/><property name="sun.cpu.endian" value="little"/><property name="user.home" value="C:\Users\Tom"/><property name="user.language" value="en"/><property name="sbt.ipcsocket.tmpdir" value="C:\Users\Tom\AppData\Local\Temp\.sbt37ea2cd1\ipcsocket"/><property name="swoval.tmpdir" value="C:\Users\Tom\AppData\Local\Temp\.sbt37ea2cd1\swoval"/><property name="jline.esc.timeout" value="0"/><property name="stdout.encoding" value="cp850"/><property name="path.separator" value=";"/><property name="os.version" value="10.0"/><property name="jna.nosys" value="true"/><property name="java.runtime.name" value="Java(TM) SE Runtime Environment"/><property name="sbt.log.noformat" value="true"/><property name="java.vm.name" value="Java HotSpot(TM) 64-Bit Server VM"/><property name="java.vendor.url.bug" value="https://bugreport.java.com/bugreport/"/><property name="user.dir" value="C:\Users\Tom\Programming\Chat-App\Akka-Scala-Chat-App"/><property name="os.arch" value="amd64"/><property name="idea.managed" value="true"/><property name="java.vm.info" value="mixed mode, sharing"/><property name="java.vm.version" value="19.0.2+7-44"/><property name="java.class.version" value="63.0"/>
    </properties>
          <testcase classname="chatapp.UserManagerTest" name="UserManager should register a user" time="0.503">
                      
                    </testcase><testcase classname="chatapp.UserManagerTest" name="UserManager should not register a duplicate username" time="0.072">
                      
                    </testcase><testcase classname="chatapp.UserManagerTest" name="UserManager should authenticate a user" time="0.131">
                      
                    </testcase><testcase classname="chatapp.UserManagerTest" name="UserManager should not authenticate with incorrect password" time="0.127">
                      
                    </testcase>
          <system-out><![CDATA[]]></system-out>
          <system-err><![CDATA[]]></system-err>
        </testsuite>